<?xml version="1.0" encoding="UTF-8"?>
<testsuite xmlns:xsi="http://www.w3.org/2001/XMLSchema-instance" xsi:noNamespaceSchemaLocation="https://maven.apache.org/surefire/maven-surefire-plugin/xsd/surefire-test-report.xsd" name="com.lottoland.LottolandUnitTests" time="1.276" tests="5" errors="0" skipped="0" failures="0">
  <properties>
[...]
</properties>
  <testcase name="testJankenEntity" classname="com.lottoland.LottolandUnitTests" time="0.434"/>
  <testcase name="testStatsJankenDTO" classname="com.lottoland.LottolandUnitTests" time="0.023"/>
  <testcase name="testGlobalStatsJankenDTO" classname="com.lottoland.LottolandUnitTests" time="0.015"/>
  <testcase name="testJankenDTO" classname="com.lottoland.LottolandUnitTests" time="0.013"/>
  <testcase name="testErrorDTO" classname="com.lottoland.LottolandUnitTests" time="0.01"/>
</testsuite>